Namespace(batch_size=128, num_workers=8, K=None, root_dir='./feat_dir/', warmup_model_exp_id='(13.11.2023_|_52.535)', use_best_model=True, spatial=False, semi_sup=True, max_kmeans_iter=200, k_means_init=100, model_name='vit_dino', dataset_name='cifar100', prop_train_labels=0.5, eval_funcs=['v1', 'v2'], use_ssb_splits=False, eps=10, min_samples=4, save_dir='./feat_dir/vit_dino_cifar100', image_size=32, train_classes=range(0, 80), unlabeled_classes=range(80, 100), num_labeled_classes=80, num_unlabeled_classes=20, device=device(type='cuda', index=0))
Using features from experiment: (13.11.2023_|_52.535)
./feat_dir/vit_dino_cifar100_(13.11.2023_|_52.535)_best
Building datasets...
Files already downloaded and verified
Files already downloaded and verified
Performing SS-K-Means on all in the training data...
Collating features...
Collating done, starting transformation...
(50000, 768)
(50000,)
[ 0.  1.  2.  3.  4.  5.  6.  7.  8.  9. 10. 11. 12. 13. 14. 15. 16. 17.
 18. 19. 20. 21. 22. 23. 24. 25. 26. 27. 28. 29. 30. 31. 32. 33. 34. 35.
 36. 37. 38. 39. 40. 41. 42. 43. 44. 45. 46. 47. 48. 49. 50. 51. 52. 53.
 54. 55. 56. 57. 58. 59. 60. 61. 62. 63. 64. 65. 66. 67. 68. 69. 70. 71.
 72. 73. 74. 75. 76. 77. 78. 79. 80. 81. 82. 83. 84. 85. 86. 87. 88. 89.
 90. 91. 92. 93. 94. 95. 96. 97. 98. 99.]
10 4
-2.9101694 3.0076582
41.13755
-3.3569996 3.3246527
38.59384
-3.0174572 2.5370758
37.467613
-3.2996235 2.531081
39.614708
-3.0236824 2.5378823
40.01642
Starting DBSCAN... with various eps
Current min_sample: 4
j= 0 (array([-1,  0,  1,  2,  3,  4,  5,  6,  7,  8,  9, 10, 11, 12, 13, 14, 15,
       16, 17, 18, 19, 20, 21, 22, 23, 24, 25, 26, 27, 28, 29, 30, 31, 32,
       33, 34, 35, 36, 37, 38, 39, 40, 41, 42, 43, 44, 45, 46, 47, 48, 49,
       50, 51, 52, 53, 54, 55, 56, 57]), array([49655,     5,     8,    12,     5,     5,    12,     5,    35,
           5,     5,     4,     6,     4,     7,     5,     5,     5,
           4,     5,     4,     4,     4,    17,     5,     4,     4,
           5,     4,     4,     5,     7,     4,     4,     4,     6,
           5,     6,     6,     4,     5,     4,     4,    10,     4,
           4,     9,     5,     5,     5,     4,     5,     4,     4,
           4,     5,     4,     8,     4]))
j= 1 (array([-1,  0,  1,  2,  3,  4,  5,  6,  7,  8,  9, 10, 11, 12, 13, 14, 15,
       16, 17, 18, 19, 20, 21, 22, 23, 24, 25, 26, 27, 28, 29, 30, 31, 32,
       33, 34, 35, 36, 37, 38, 39, 40, 41, 42, 43, 44, 45, 46, 47, 48, 49,
       50, 51, 52, 53, 54, 55, 56, 57, 58, 59, 60, 61, 62, 63, 64, 65, 66,
       67, 68, 69, 70, 71, 72, 73, 74, 75, 76, 77]), array([49428,     8,     7,     8,     6,     7,    38,    50,    12,
          23,     6,     8,    44,     5,     4,    14,     5,     5,
           5,     4,     5,     7,     4,     4,     5,     8,     6,
           5,     6,     4,     5,     5,     5,     4,     5,     5,
           7,     4,     4,     8,     4,     6,     6,     4,     4,
           4,     4,     8,     5,    10,     4,    10,     4,     4,
           5,     8,     4,     6,     4,     5,     6,     4,     4,
           4,    13,     4,    11,     4,     5,     5,     4,     5,
           4,     4,     4,     4,     4,     4,     5]))
j= 2 (array([ -1,   0,   1,   2,   3,   4,   5,   6,   7,   8,   9,  10,  11,
        12,  13,  14,  15,  16,  17,  18,  19,  20,  21,  22,  23,  24,
        25,  26,  27,  28,  29,  30,  31,  32,  33,  34,  35,  36,  37,
        38,  39,  40,  41,  42,  43,  44,  45,  46,  47,  48,  49,  50,
        51,  52,  53,  54,  55,  56,  57,  58,  59,  60,  61,  62,  63,
        64,  65,  66,  67,  68,  69,  70,  71,  72,  73,  74,  75,  76,
        77,  78,  79,  80,  81,  82,  83,  84,  85,  86,  87,  88,  89,
        90,  91,  92,  93,  94,  95,  96,  97,  98,  99, 100, 101, 102,
       103, 104, 105, 106]), array([49021,    10,     8,    93,     9,    93,     6,    16,     4,
           7,     4,    16,    51,     4,     6,    36,     4,    59,
           7,     5,     6,     4,    16,     4,     5,     4,     5,
           4,    13,    14,     4,     4,     5,    11,     6,     7,
           4,     7,    19,     4,    14,     4,     5,     5,     4,
           4,     5,     5,    13,     5,     9,     4,     4,    24,
           4,     6,     4,    17,     4,    15,     5,     4,     5,
           4,     7,     4,     4,     4,     8,     4,     4,     4,
           6,     4,     5,     4,     5,     4,     4,    13,     5,
          13,     4,     4,     5,     8,     6,     5,     4,     4,
           4,     8,     4,     4,     4,     7,     4,     5,     4,
           4,     5,     3,     4,     4,     5,     4,     2,     5]))
j= 3 (array([ -1,   0,   1,   2,   3,   4,   5,   6,   7,   8,   9,  10,  11,
        12,  13,  14,  15,  16,  17,  18,  19,  20,  21,  22,  23,  24,
        25,  26,  27,  28,  29,  30,  31,  32,  33,  34,  35,  36,  37,
        38,  39,  40,  41,  42,  43,  44,  45,  46,  47,  48,  49,  50,
        51,  52,  53,  54,  55,  56,  57,  58,  59,  60,  61,  62,  63,
        64,  65,  66,  67,  68,  69,  70,  71,  72,  73,  74,  75,  76,
        77,  78,  79,  80,  81,  82,  83,  84,  85,  86,  87,  88,  89,
        90,  91,  92,  93,  94,  95,  96,  97,  98,  99, 100, 101, 102,
       103, 104, 105, 106, 107, 108, 109, 110, 111, 112, 113, 114, 115,
       116, 117, 118, 119, 120, 121, 122, 123, 124, 125, 126, 127, 128,
       129, 130, 131, 132, 133, 134, 135, 136]), array([48295,    40,   144,     6,    10,     8,     9,    14,   129,
          24,     6,    31,     4,    47,    18,     7,     4,    30,
          77,     4,     4,    12,     6,    78,     4,    71,     5,
          49,     4,    10,    20,    25,    22,    18,    42,     4,
           8,     5,    19,     5,    18,     5,     5,     4,     4,
           5,    32,     6,    29,     5,    11,     7,     4,     5,
           7,    31,     5,     4,    24,     4,     4,     6,     6,
           5,     8,     6,     4,     6,     4,     4,     4,     4,
           4,     4,     5,     5,     4,     4,     4,     4,    10,
           7,     7,    25,     4,     6,     4,     9,     4,     4,
           6,     6,     8,     4,     5,     4,     4,     9,     5,
           6,    40,     5,     4,    13,     5,     5,     5,     4,
           6,     8,     9,     5,     5,     4,     4,     8,     6,
           4,     4,    10,     4,     7,     4,     4,     4,     4,
           4,     4,     5,    10,     4,     4,     3,     4,     4,
           4,     4,     4]))
j= 4 (array([ -1,   0,   1,   2,   3,   4,   5,   6,   7,   8,   9,  10,  11,
        12,  13,  14,  15,  16,  17,  18,  19,  20,  21,  22,  23,  24,
        25,  26,  27,  28,  29,  30,  31,  32,  33,  34,  35,  36,  37,
        38,  39,  40,  41,  42,  43,  44,  45,  46,  47,  48,  49,  50,
        51,  52,  53,  54,  55,  56,  57,  58,  59,  60,  61,  62,  63,
        64,  65,  66,  67,  68,  69,  70,  71,  72,  73,  74,  75,  76,
        77,  78,  79,  80,  81,  82,  83,  84,  85,  86,  87,  88,  89,
        90,  91,  92,  93,  94,  95,  96,  97,  98,  99, 100, 101, 102,
       103, 104, 105, 106, 107, 108, 109, 110, 111, 112, 113, 114, 115,
       116, 117, 118, 119, 120, 121, 122, 123, 124, 125, 126, 127, 128,
       129, 130, 131, 132, 133, 134, 135, 136, 137, 138, 139, 140, 141,
       142, 143, 144, 145, 146, 147, 148, 149, 150]), array([47227,    46,    10,    94,    46,    75,    48,   188,     6,
           7,    10,    17,    20,    18,   114,   162,   143,     4,
          30,     5,   110,     6,   101,     6,   119,     6,    42,
          52,    72,     7,     5,     4,     4,    40,     4,     8,
           7,     5,    26,     5,    73,     4,     4,    41,    36,
          73,     6,     4,    61,    24,     8,     4,     5,     4,
          54,     9,     4,     6,     4,     4,     7,     4,     9,
           4,     9,     5,     8,     7,    14,     7,     5,    16,
           7,     4,     4,     8,    16,    17,     9,     5,    18,
           4,     6,     5,     4,     4,     7,     5,     7,     4,
           4,     4,    12,     5,    12,     9,     6,     5,     4,
           7,     4,     4,     4,     3,     4,     6,     6,     4,
           4,     9,     4,     4,    53,     5,     6,     4,    13,
           4,     5,     5,    29,     4,     4,     7,    56,     8,
           9,     5,     4,     5,     4,     4,     6,     9,     4,
           4,     4,     4,     3,     4,     4,     4,     4,     4,
           4,     4,     4,     5,     3,     4,     4,     4]))
j= 5 (array([ -1,   0,   1,   2,   3,   4,   5,   6,   7,   8,   9,  10,  11,
        12,  13,  14,  15,  16,  17,  18,  19,  20,  21,  22,  23,  24,
        25,  26,  27,  28,  29,  30,  31,  32,  33,  34,  35,  36,  37,
        38,  39,  40,  41,  42,  43,  44,  45,  46,  47,  48,  49,  50,
        51,  52,  53,  54,  55,  56,  57,  58,  59,  60,  61,  62,  63,
        64,  65,  66,  67,  68,  69,  70,  71,  72,  73,  74,  75,  76,
        77,  78,  79,  80,  81,  82,  83,  84,  85,  86,  87,  88,  89,
        90,  91,  92,  93,  94,  95,  96,  97,  98,  99, 100, 101, 102,
       103, 104, 105, 106, 107, 108, 109, 110, 111, 112, 113, 114, 115,
       116, 117, 118, 119, 120, 121, 122, 123, 124, 125, 126, 127, 128,
       129, 130, 131, 132, 133, 134, 135, 136, 137, 138, 139, 140, 141,
       142, 143, 144, 145, 146, 147, 148, 149, 150, 151, 152, 153, 154,
       155, 156, 157, 158, 159, 160, 161, 162, 163, 164, 165, 166, 167,
       168, 169, 170, 171, 172, 173, 174, 175, 176, 177]), array([45579,    71,    58,   168,   135,    66,    63,   156,     7,
         251,     7,   140,    10,    20,    45,    22,     5,   160,
          45,   190,   248,     4,    47,   151,   103,     5,   104,
           5,   154,     7,   156,    73,     6,    84,   143,     7,
          17,     9,   119,    11,     4,     4,     4,     7,     6,
          16,    76,     5,     4,    21,     5,     7,    49,    47,
          46,     6,     5,    31,    18,     5,     4,    43,     4,
           6,     4,    31,     7,     4,    12,    13,     5,     9,
           4,     4,     5,     4,     5,     7,     8,    27,     5,
          38,    12,     4,     4,     4,     8,     4,     7,     6,
           5,     6,     4,     4,     6,    16,     5,     7,     5,
           4,     6,     4,     4,     4,     8,     6,   133,     5,
          26,     4,     9,     4,    10,     4,     5,     4,     4,
           7,     4,     4,    12,     7,     4,     4,     4,     5,
           7,     4,     5,     5,     4,     4,     4,    72,     4,
           8,     4,     6,     5,     7,     5,     6,     4,     8,
           5,     8,     6,     4,     5,     5,     5,     5,    12,
           4,     9,     4,     4,     6,     4,     4,     6,     4,
           4,     4,     4,     4,     4,     5,     3,     4,     4,
           5,     4,     4,     4,     4,     4,     4,     5]))
j= 6 (array([ -1,   0,   1,   2,   3,   4,   5,   6,   7,   8,   9,  10,  11,
        12,  13,  14,  15,  16,  17,  18,  19,  20,  21,  22,  23,  24,
        25,  26,  27,  28,  29,  30,  31,  32,  33,  34,  35,  36,  37,
        38,  39,  40,  41,  42,  43,  44,  45,  46,  47,  48,  49,  50,
        51,  52,  53,  54,  55,  56,  57,  58,  59,  60,  61,  62,  63,
        64,  65,  66,  67,  68,  69,  70,  71,  72,  73,  74,  75,  76,
        77,  78,  79,  80,  81,  82,  83,  84,  85,  86,  87,  88,  89,
        90,  91,  92,  93,  94,  95,  96,  97,  98,  99, 100, 101, 102,
       103, 104, 105, 106, 107, 108, 109, 110, 111, 112, 113, 114, 115,
       116, 117, 118, 119, 120, 121, 122, 123, 124, 125, 126, 127, 128,
       129, 130, 131, 132, 133, 134, 135, 136, 137, 138, 139, 140, 141,
       142, 143, 144, 145, 146, 147, 148, 149, 150, 151, 152, 153, 154,
       155, 156, 157, 158, 159, 160, 161, 162, 163, 164, 165, 166, 167,
       168, 169, 170, 171, 172, 173, 174, 175, 176, 177, 178, 179, 180,
       181, 182, 183, 184, 185, 186, 187, 188, 189, 190, 191, 192, 193,
       194, 195, 196]), array([43582,   180,     8,     4,    95,    84,   257,    42,   197,
           5,   105,    78,   237,   111,   292,     7,     7,    99,
          76,   220,   198,   115,    44,     5,    33,   205,   191,
         106,    18,   217,   196,   305,   149,     4,    97,   225,
           5,   113,   159,    27,     4,     7,     5,    39,     4,
         229,     6,     7,     4,     4,     4,    66,    91,     4,
          42,     7,    38,     5,     4,     6,    81,    51,    59,
          26,     5,    54,    71,     8,     6,     5,     4,     4,
           7,    13,     4,     9,    14,     6,    16,     6,     4,
           5,     4,    22,    12,     5,     4,    10,     5,     4,
          75,     7,     8,     5,     4,     4,     8,     4,     4,
           7,     5,     5,     4,     4,     6,    33,     7,    11,
           8,     4,     4,     4,     5,    21,     4,     4,     5,
           3,    10,    15,     7,     5,     4,     6,     3,     5,
           5,     3,     6,     5,     4,     3,     4,     5,     7,
           4,     5,     4,     8,     4,     6,     4,     5,     4,
           4,     4,     4,     5,     5,     4,     6,     6,     5,
          90,     4,    13,     7,     4,    38,     5,    11,    14,
           4,     8,     5,     5,     7,     4,     5,     8,     4,
           4,     4,     9,     4,     4,     4,     4,     5,     4,
           4,     4,     5,     5,     4,     4,     4,     4,     4,
           4,     4,     5,     4,     6,     4,     4,     4,     4]))
j= 7 (array([ -1,   0,   1,   2,   3,   4,   5,   6,   7,   8,   9,  10,  11,
        12,  13,  14,  15,  16,  17,  18,  19,  20,  21,  22,  23,  24,
        25,  26,  27,  28,  29,  30,  31,  32,  33,  34,  35,  36,  37,
        38,  39,  40,  41,  42,  43,  44,  45,  46,  47,  48,  49,  50,
        51,  52,  53,  54,  55,  56,  57,  58,  59,  60,  61,  62,  63,
        64,  65,  66,  67,  68,  69,  70,  71,  72,  73,  74,  75,  76,
        77,  78,  79,  80,  81,  82,  83,  84,  85,  86,  87,  88,  89,
        90,  91,  92,  93,  94,  95,  96,  97,  98,  99, 100, 101, 102,
       103, 104, 105, 106, 107, 108, 109, 110, 111, 112, 113, 114, 115,
       116, 117, 118, 119, 120, 121, 122, 123, 124, 125, 126, 127, 128,
       129, 130, 131, 132, 133, 134, 135, 136, 137, 138, 139, 140, 141,
       142, 143, 144, 145, 146, 147, 148, 149, 150, 151, 152, 153, 154,
       155, 156, 157, 158, 159, 160, 161, 162, 163, 164, 165, 166, 167,
       168, 169, 170, 171, 172, 173, 174, 175, 176, 177, 178, 179, 180,
       181, 182, 183, 184, 185, 186, 187, 188, 189, 190, 191, 192, 193]), array([41122,    18,   107,    17,   241,    12,     4,   124,   118,
         297,    54,   518,     5,    95,   139,   440,   322,   141,
           8,   331,    13,     8,   280,   355,   172,   194,    77,
         186,   211,   261,    87,   277,   155,   330,     5,    52,
         253,     4,   363,    31,   214,    30,   177,     4,   140,
          31,     5,   159,    55,    97,   119,     7,     8,     5,
           4,     6,    16,   121,     7,    23,     6,    94,    44,
         148,     4,     4,    18,     4,    39,    14,     5,     4,
          28,   133,    56,     6,     5,     4,     4,     5,     7,
          40,    10,     7,     4,     9,    18,     8,     4,     8,
           7,     9,    14,     4,     4,     6,     4,     8,     8,
           4,     4,     5,     4,     6,     5,     6,     4,     9,
           6,     7,     4,     4,     4,     4,     4,     4,     4,
           8,    14,    22,     4,     7,     5,     5,     5,     4,
           5,     4,     8,     4,     8,     4,     8,     4,     4,
          10,     5,     4,     6,     5,     7,     5,     4,     5,
          28,     4,     4,     2,     4,    17,    11,     5,     4,
           6,     4,     5,     4,     4,     5,     4,     5,     6,
           7,     4,     4,     7,     4,     4,     4,     5,     4,
           5,     4,     7,     4,     4,     4,     5,     4,     5,
           5,     4,     6,     6,     4,     4,     4,     4,     4,
           4,     7,     5,     7,     4,     4]))
j= 8 (array([ -1,   0,   1,   2,   3,   4,   5,   6,   7,   8,   9,  10,  11,
        12,  13,  14,  15,  16,  17,  18,  19,  20,  21,  22,  23,  24,
        25,  26,  27,  28,  29,  30,  31,  32,  33,  34,  35,  36,  37,
        38,  39,  40,  41,  42,  43,  44,  45,  46,  47,  48,  49,  50,
        51,  52,  53,  54,  55,  56,  57,  58,  59,  60,  61,  62,  63,
        64,  65,  66,  67,  68,  69,  70,  71,  72,  73,  74,  75,  76,
        77,  78,  79,  80,  81,  82,  83,  84,  85,  86,  87,  88,  89,
        90,  91,  92,  93,  94,  95,  96,  97,  98,  99, 100, 101, 102,
       103, 104, 105, 106, 107, 108, 109, 110, 111, 112, 113, 114, 115,
       116, 117, 118, 119, 120, 121, 122, 123, 124, 125, 126, 127, 128,
       129, 130, 131, 132, 133, 134, 135, 136, 137, 138, 139, 140, 141,
       142, 143, 144, 145, 146, 147, 148, 149, 150, 151, 152, 153, 154,
       155, 156, 157, 158, 159, 160, 161, 162, 163, 164, 165, 166, 167,
       168, 169, 170, 171, 172, 173, 174, 175, 176, 177, 178, 179, 180,
       181, 182, 183, 184, 185, 186, 187, 188, 189, 190, 191, 192, 193,
       194, 195, 196, 197, 198, 199, 200, 201, 202, 203]), array([38206,   503,    66,   130,    38,   303,    16,   739,   165,
         160,   137,   102,   621,   133,     5,   193,    23,   158,
         396,   171,    96,   358,    55,     9,   205,   326,    30,
         457,   273,   240,   128,   220,   286,   297,   263,   206,
         410,     5,   211,    73,   308,     7,   444,    55,    67,
          65,   217,   215,     4,   191,    41,    71,     5,   127,
         187,     8,     8,     5,     6,     4,    32,   177,     7,
         132,    28,     4,     4,     4,    24,    69,     5,     4,
          84,     7,    12,     4,     4,     4,     4,    35,     6,
          11,     7,     4,    35,     4,    11,    22,     6,    30,
          11,    30,     5,     8,    12,     9,     4,    21,     6,
           8,     9,    11,     8,     4,     4,     5,    10,     7,
           5,    18,     7,     4,     4,     6,     7,     7,     9,
           8,     4,     4,     4,     4,     4,     6,    12,     3,
           4,     4,     5,     8,     9,    11,     4,     4,     4,
           4,     5,     5,     5,     5,     4,     4,     5,     4,
           4,     4,     4,     5,     9,     4,     6,     4,     6,
           4,     5,     7,     6,     4,    34,     5,    46,     4,
           3,    48,     5,     4,     4,     5,     4,     5,     4,
           5,     4,     7,     4,     4,     7,     4,     4,     7,
           4,     6,     4,     4,     4,     5,     4,     4,     4,
           4,     4,     3,     4,     4,     4,     4,     4,     4,
           4,     4,     4,     4,     3,     4,     4]))
j= 9 (array([ -1,   0,   1,   2,   3,   4,   5,   6,   7,   8,   9,  10,  11,
        12,  13,  14,  15,  16,  17,  18,  19,  20,  21,  22,  23,  24,
        25,  26,  27,  28,  29,  30,  31,  32,  33,  34,  35,  36,  37,
        38,  39,  40,  41,  42,  43,  44,  45,  46,  47,  48,  49,  50,
        51,  52,  53,  54,  55,  56,  57,  58,  59,  60,  61,  62,  63,
        64,  65,  66,  67,  68,  69,  70,  71,  72,  73,  74,  75,  76,
        77,  78,  79,  80,  81,  82,  83,  84,  85,  86,  87,  88,  89,
        90,  91,  92,  93,  94,  95,  96,  97,  98,  99, 100, 101, 102,
       103, 104, 105, 106, 107, 108, 109, 110, 111, 112, 113, 114, 115,
       116, 117, 118, 119, 120, 121, 122, 123, 124, 125, 126, 127, 128,
       129, 130, 131, 132, 133, 134, 135, 136, 137, 138, 139, 140, 141,
       142, 143, 144, 145, 146, 147, 148, 149, 150, 151, 152, 153, 154,
       155, 156, 157, 158, 159, 160, 161, 162, 163, 164, 165, 166, 167,
       168, 169, 170, 171, 172, 173, 174, 175, 176, 177, 178, 179, 180,
       181, 182, 183, 184, 185, 186, 187, 188, 189, 190]), array([35023,   554,    98,   176,    68,   355,    25,  1068,   221,
         272,   195,   380,   189,   132,    91,   699,   165,     5,
         228,   129,   376,    63,   272,   478,   206,   422,   385,
         146,   322,    82,   325,    37,   374,    59,   829,   664,
         276,   372,   164,   249,   319,     5,    88,   269,   349,
         113,   519,    70,   225,     4,   252,    75,   177,   101,
          59,    34,     8,     8,     5,     6,     6,   103,    16,
           4,     4,     6,     5,     4,     4,    23,     7,     9,
          38,    19,     4,     4,    51,     6,     4,    16,     6,
           4,     6,    19,    41,    31,     5,    14,     8,     8,
          17,     4,     7,    14,     8,     4,     4,    15,     5,
           7,     4,     4,     7,     7,     8,     7,     4,    13,
          10,     4,     4,     4,    10,     5,     6,     5,     4,
           4,     5,    10,     7,     4,     5,     4,     7,     5,
           5,     4,     4,     5,     7,     5,     5,     7,     4,
           6,     4,     4,     4,     2,     4,     3,     4,     4,
           6,    44,     3,     5,     7,    77,     4,     6,     4,
          10,     4,     4,     5,     5,     5,     7,     5,     5,
           3,     4,     4,     6,     7,     5,     6,     4,     4,
           5,     9,     4,     4,     1,     4,     4,     3,     4,
           4,     5,     4,     8,     4,     4,     4,     4,     4,
           6,     4,     4]))
j= 10 (array([ -1,   0,   1,   2,   3,   4,   5,   6,   7,   8,   9,  10,  11,
        12,  13,  14,  15,  16,  17,  18,  19,  20,  21,  22,  23,  24,
        25,  26,  27,  28,  29,  30,  31,  32,  33,  34,  35,  36,  37,
        38,  39,  40,  41,  42,  43,  44,  45,  46,  47,  48,  49,  50,
        51,  52,  53,  54,  55,  56,  57,  58,  59,  60,  61,  62,  63,
        64,  65,  66,  67,  68,  69,  70,  71,  72,  73,  74,  75,  76,
        77,  78,  79,  80,  81,  82,  83,  84,  85,  86,  87,  88,  89,
        90,  91,  92,  93,  94,  95,  96,  97,  98,  99, 100, 101, 102,
       103, 104, 105, 106, 107, 108, 109, 110, 111, 112, 113, 114, 115,
       116, 117, 118, 119, 120, 121, 122, 123, 124, 125, 126, 127, 128,
       129, 130, 131, 132, 133, 134, 135, 136, 137, 138, 139, 140, 141,
       142, 143, 144, 145, 146, 147, 148, 149, 150, 151, 152, 153, 154,
       155, 156, 157, 158, 159, 160, 161, 162, 163, 164, 165, 166, 167,
       168, 169, 170, 171, 172, 173, 174, 175, 176, 177]), array([31596,  2165,   310,   217,    96,   409,    31,   218,  1219,
         265,   729,   233,   474,   457,   227,   210,    97,   153,
        1201,   193,     5,   274,   567,   205,   444,   379,   571,
          99,   825,   244,   411,   116,    62,     8,    90,   808,
         418,   437,   364,     5,   111,   300,   148,   601,    94,
          36,     4,   291,   145,     3,    42,     8,     5,     6,
           7,   146,    46,     4,     5,     7,    46,     5,     4,
          25,     6,    81,    15,    10,    22,    76,     4,     3,
          18,     8,    36,     4,    48,     4,     9,     4,    16,
           6,     8,     4,     8,     4,     6,     8,     4,     4,
          24,     7,    18,     8,     4,     8,     5,     8,     4,
           4,     4,     4,    11,     8,     4,     4,     8,     7,
           4,    15,     5,     9,     4,     5,     4,     6,     5,
           5,     6,     4,     6,     5,     4,     8,     4,    17,
           4,     4,     4,     5,     4,     6,    60,     5,     7,
         109,     4,     4,     5,     4,     5,    13,     5,     4,
           4,     6,     8,     5,     4,     4,     5,     4,     4,
           4,     4,     6,     4,     4,     5,     4,     4,     4,
           4,     5,     4,     4,     4,     4,     4,     6,     5,
           4,     4,     4,     4,     4,     4,     4,     4]))
j= 11 (array([ -1,   0,   1,   2,   3,   4,   5,   6,   7,   8,   9,  10,  11,
        12,  13,  14,  15,  16,  17,  18,  19,  20,  21,  22,  23,  24,
        25,  26,  27,  28,  29,  30,  31,  32,  33,  34,  35,  36,  37,
        38,  39,  40,  41,  42,  43,  44,  45,  46,  47,  48,  49,  50,
        51,  52,  53,  54,  55,  56,  57,  58,  59,  60,  61,  62,  63,
        64,  65,  66,  67,  68,  69,  70,  71,  72,  73,  74,  75,  76,
        77,  78,  79,  80,  81,  82,  83,  84,  85,  86,  87,  88,  89,
        90,  91,  92,  93,  94,  95,  96,  97,  98,  99, 100, 101, 102,
       103, 104, 105, 106, 107, 108, 109, 110, 111, 112, 113, 114, 115,
       116, 117, 118, 119, 120, 121, 122, 123, 124, 125, 126, 127, 128,
       129, 130, 131, 132, 133, 134, 135, 136, 137, 138, 139, 140, 141,
       142, 143, 144, 145, 146, 147, 148, 149, 150, 151, 152, 153, 154,
       155, 156, 157, 158]), array([28034,  3696,   648,   441,   264,   115,   545,    50,   279,
        1959,   305,   936,   274,   553,   520,   259,   261,   933,
         160,   209,  1306,   219,     5,   315,   528,     9,   337,
         503,   404,   124,   290,   436,   171,   113,    15,   160,
        1576,   479,   141,   334,   129,    92,     4,   195,    48,
           8,     5,     4,     6,     8,   184,    63,    37,     5,
         109,     7,     5,    77,    72,     6,    28,     5,    44,
         105,    19,    37,    12,     4,     8,    10,     4,     4,
           4,     4,    17,     7,    17,     6,     4,    24,    17,
           5,     4,     8,     4,     5,     4,     7,     4,     8,
           5,     8,     4,     5,     9,     3,    10,     4,     5,
           7,     4,     5,     8,     7,     4,     5,     6,     5,
           4,     4,     4,     5,     4,     4,     6,     4,    79,
         140,     5,    18,    33,     4,     5,     5,     5,     4,
           7,     4,     6,     3,     4,     4,     6,     4,     5,
          11,     6,     5,     4,     8,     4,     4,     4,     5,
           5,     4,     4,     4,     4,     4,     4,     4,     4,
           6,     4,     5,     4,     4,     4,     6]))
j= 12 (array([ -1,   0,   1,   2,   3,   4,   5,   6,   7,   8,   9,  10,  11,
        12,  13,  14,  15,  16,  17,  18,  19,  20,  21,  22,  23,  24,
        25,  26,  27,  28,  29,  30,  31,  32,  33,  34,  35,  36,  37,
        38,  39,  40,  41,  42,  43,  44,  45,  46,  47,  48,  49,  50,
        51,  52,  53,  54,  55,  56,  57,  58,  59,  60,  61,  62,  63,
        64,  65,  66,  67,  68,  69,  70,  71,  72,  73,  74,  75,  76,
        77,  78,  79,  80,  81,  82,  83,  84,  85,  86,  87,  88,  89,
        90,  91,  92,  93,  94,  95,  96,  97,  98,  99, 100, 101, 102,
       103, 104, 105, 106, 107, 108, 109, 110, 111, 112, 113, 114, 115,
       116, 117, 118, 119, 120, 121, 122, 123, 124, 125, 126, 127, 128,
       129, 130, 131, 132, 133, 134, 135, 136, 137, 138]), array([24270,  8548,  1172,   606,   140,   889,   251,    78,   471,
         322,   503,  1100,   504,   642,   298,   299,  1034,   218,
         354,  1445,   350,   598,   366,   562,   449,     7,    28,
          65,   201,  1784,    36,   370,   162,   142,   123,    99,
          52,     5,     6,     9,     5,    13,     5,   129,   111,
           6,     5,     4,     4,     5,   152,    19,    73,    16,
           4,    11,    10,    14,     4,    13,     6,     6,     8,
           5,     4,     4,     4,     7,     4,     5,     4,     8,
           5,     4,     5,     9,     5,     7,     4,     5,     9,
           4,     5,     5,     3,     4,     6,     4,     4,     4,
           7,     6,     4,    94,     4,   174,     5,    39,   106,
          10,     6,     5,    32,     5,     6,     7,    10,     4,
          21,     4,     5,     6,     6,     6,     4,     4,     4,
           3,     4,     4,     5,     4,     3,     4,     6,     7,
           4,     4,     4,     5,     3,     3,     4,     4,     5,
           6,     4,     5,     3,     4]))
j= 13 (array([-1,  0,  1,  2,  3,  4,  5,  6,  7,  8,  9, 10, 11, 12, 13, 14, 15,
       16, 17, 18, 19, 20, 21, 22, 23, 24, 25, 26, 27, 28, 29, 30, 31, 32,
       33, 34, 35, 36, 37, 38, 39, 40, 41, 42, 43, 44, 45, 46, 47, 48, 49,
       50, 51, 52, 53, 54, 55, 56, 57, 58, 59, 60, 61, 62, 63, 64, 65, 66,
       67, 68, 69, 70, 71, 72, 73, 74, 75, 76, 77, 78, 79, 80, 81, 82, 83,
       84, 85, 86, 87, 88, 89, 90, 91, 92, 93, 94, 95]), array([20353, 14521,  4206,   200,  2288,   132,   574,   369,   560,
         598,   702,   330,   347,   262,   253,   992,   195,   607,
         460,   134,   479,    33,   349,     5,   162,    25,     5,
           8,     6,     4,    23,    19,     4,    13,     4,    19,
           4,     5,     6,     4,     8,     5,     4,     4,     7,
           8,     4,     5,     4,    17,     3,     8,     5,     5,
           5,     4,     4,     4,     4,     6,     4,     9,     3,
         186,     4,   236,     8,     4,     5,    29,     6,     5,
           5,     4,     4,     4,     6,     5,     3,     9,     8,
           7,     7,     4,     4,     4,     6,     7,     3,     6,
           5,     5,     4,     4,     4,     5,     4]))
j= 14 (array([-1,  0,  1,  2,  3,  4,  5,  6,  7,  8,  9, 10, 11, 12, 13, 14, 15,
       16, 17, 18, 19, 20, 21, 22, 23, 24, 25, 26, 27, 28, 29, 30, 31, 32,
       33, 34, 35, 36, 37, 38, 39, 40, 41, 42, 43, 44, 45, 46, 47, 48, 49,
       50, 51, 52, 53, 54]), array([16632, 28569,   929,  1094,   318,  1107,   444,    41,     5,
           3,     5,     4,    14,     4,     5,     5,     4,     4,
           8,     8,     5,     4,     4,     4,     6,     9,     5,
           5,     4,     5,    15,     4,     4,     4,   539,    63,
          13,     5,     4,     5,     4,     5,     4,     4,    27,
           4,     4,     4,     6,     3,     4,     4,     4,     5,
           4,     4]))
j= 15 (array([-1,  0,  1,  2,  3,  4,  5,  6,  7,  8,  9, 10, 11, 12, 13, 14, 15,
       16, 17, 18, 19, 20, 21, 22, 23, 24, 25, 26, 27, 28, 29, 30, 31, 32,
       33, 34, 35]), array([13143, 35453,  1197,     5,     4,    20,     5,    32,     4,
           8,     5,     4,     4,     4,     4,     4,     5,     4,
          20,     5,     4,     6,     5,     4,     5,     2,     5,
           6,     4,     4,     4,     4,     2,     4,     4,     4,
           3]))
j= 16 (array([-1,  0,  1,  2,  3,  4,  5,  6,  7,  8,  9, 10, 11, 12, 13, 14, 15,
       16, 17, 18]), array([ 9996, 38407,  1475,     5,     9,    21,    25,     5,     4,
           4,     5,     3,     5,     5,    10,     5,     3,     3,
           6,     4]))
j= 17 (array([-1,  0,  1,  2,  3,  4,  5,  6,  7,  8]), array([ 7157, 42808,     6,     4,     5,     6,     4,     2,     4,
           4]))
j= 18 (array([-1,  0,  1,  2,  3,  4,  5]), array([ 4643, 45338,     4,     3,     3,     4,     5]))
j= 19 (array([-1,  0,  1]), array([ 2745, 47250,     5]))
j= 20 (array([-1,  0]), array([ 1357, 48643]))
j= 21 (array([-1,  0]), array([  538, 49462]))
j= 22 (array([-1,  0]), array([  130, 49870]))
j= 23 (array([-1,  0]), array([   27, 49973]))
j= 24 (array([-1,  0]), array([    3, 49997]))
j= 25 (array([0]), array([50000]))
j= 26 (array([0]), array([50000]))
j= 27 (array([0]), array([50000]))
j= 28 (array([0]), array([50000]))
j= 29 (array([0]), array([50000]))
(array([-1,  0,  1,  2,  3,  4,  5,  6,  7,  8,  9, 10, 11, 12, 13, 14, 15,
       16, 17, 18, 19, 20, 21, 22, 23, 24, 25, 26, 27, 28, 29, 30, 31, 32,
       33, 34, 35, 36, 37, 38, 39, 40, 41, 42, 43, 44, 45, 46, 47, 48, 49,
       50, 51, 52, 53, 54, 55, 56, 57]), array([49655,     5,     8,    12,     5,     5,    12,     5,    35,
           5,     5,     4,     6,     4,     7,     5,     5,     5,
           4,     5,     4,     4,     4,    17,     5,     4,     4,
           5,     4,     4,     5,     7,     4,     4,     4,     6,
           5,     6,     6,     4,     5,     4,     4,    10,     4,
           4,     9,     5,     5,     5,     4,     5,     4,     4,
           4,     5,     4,     8,     4]))
(50000, 2)
(50000,)
(50000,)
[[-89.07063   17.49737 ]
 [ 54.417744 -40.447315]
 [ 28.744778 -45.295937]
 [ 76.664024 -49.000977]
 [-29.372759  34.53506 ]
 [ 43.496807  75.55732 ]
 [-19.917637 -60.77771 ]
 [ 37.798084  51.872387]
 [-19.517206 -13.800274]
 [ 82.46178   26.7943  ]]
[-1 -1 -1 -1 -1 -1 -1 -1 -1 -1]
[24. 23. 76. 49. 45. 54. 20. 51. 67. 46.]
